<?xml version="1.0" encoding="UTF-8"?>
<!-- Generated by org.testng.reporters.JUnitXMLReporter -->
<testsuite ignored="0" hostname="Begimais-MacBook-Pro.local" failures="0" tests="5" name="Default test" time="15.604" errors="0" timestamp="28 Jun 2018 22:38:58 GMT">
  <testcase classname="com.local_8.Mocaroo" name="verifyTitle" time="0.013"/>
  <testcase classname="com.local_8.Mocaroo" name="verifyHeader" time="0.45"/>
  <testcase classname="com.local_8.Mocaroo" name="verifyTableHeader" time="0.246"/>
  <testcase classname="com.local_8.Mocaroo" name="creatingFields" time="10.673"/>
  <testcase classname="com.local_8.Mocaroo" name="verifyDownloadedData" time="0.151"/>
</testsuite> <!-- Default test -->
