<?xml version="1.0" encoding="UTF-8"?>
<testng-results ignored="0" total="5" passed="5" failed="0" skipped="0">
  <reporter-output>
  </reporter-output>
  <suite started-at="2018-06-28T22:38:43Z" name="Default suite" finished-at="2018-06-28T22:38:58Z" duration-ms="15604">
    <groups>
    </groups>
    <test started-at="2018-06-28T22:38:43Z" name="Default test" finished-at="2018-06-28T22:38:58Z" duration-ms="15604">
      <class name="com.local_8.Mocaroo">
        <test-method is-config="true" signature="setUp()[pri:0, instance:com.local_8.Mocaroo@6e509ffa]" started-at="2018-06-28T22:38:43Z" name="setUp" finished-at="2018-06-28T22:38:47Z" duration-ms="3940" status="PASS">
          <reporter-output>
          </reporter-output>
        </test-method> <!-- setUp -->
        <test-method signature="verifyTitle()[pri:1, instance:com.local_8.Mocaroo@6e509ffa]" started-at="2018-06-28T22:38:47Z" name="verifyTitle" finished-at="2018-06-28T22:38:47Z" duration-ms="13" status="PASS">
          <reporter-output>
          </reporter-output>
        </test-method> <!-- verifyTitle -->
        <test-method signature="verifyHeader()[pri:2, instance:com.local_8.Mocaroo@6e509ffa]" started-at="2018-06-28T22:38:47Z" name="verifyHeader" finished-at="2018-06-28T22:38:47Z" duration-ms="450" status="PASS">
          <reporter-output>
          </reporter-output>
        </test-method> <!-- verifyHeader -->
        <test-method signature="verifyTableHeader()[pri:3, instance:com.local_8.Mocaroo@6e509ffa]" started-at="2018-06-28T22:38:47Z" name="verifyTableHeader" finished-at="2018-06-28T22:38:47Z" duration-ms="246" status="PASS">
          <reporter-output>
          </reporter-output>
        </test-method> <!-- verifyTableHeader -->
        <test-method signature="creatingFields()[pri:4, instance:com.local_8.Mocaroo@6e509ffa]" started-at="2018-06-28T22:38:47Z" name="creatingFields" finished-at="2018-06-28T22:38:58Z" duration-ms="10673" status="PASS">
          <reporter-output>
          </reporter-output>
        </test-method> <!-- creatingFields -->
        <test-method signature="verifyDownloadedData()[pri:5, instance:com.local_8.Mocaroo@6e509ffa]" started-at="2018-06-28T22:38:58Z" name="verifyDownloadedData" finished-at="2018-06-28T22:38:58Z" duration-ms="151" status="PASS">
          <reporter-output>
          </reporter-output>
        </test-method> <!-- verifyDownloadedData -->
        <test-method is-config="true" signature="tearDown()[pri:0, instance:com.local_8.Mocaroo@6e509ffa]" started-at="2018-06-28T22:38:58Z" name="tearDown" finished-at="2018-06-28T22:38:58Z" duration-ms="110" status="PASS">
          <reporter-output>
          </reporter-output>
        </test-method> <!-- tearDown -->
      </class> <!-- com.local_8.Mocaroo -->
    </test> <!-- Default test -->
  </suite> <!-- Default suite -->
</testng-results>
